Determining if the pthread_create exist failed with the following output:
Change Dir: /home/cirlab/catkin_ws/src/tracked_robot_2nd/build-my_ros_library-Desktop-Debug/CMakeFiles/CMakeTmp

Run Build Command:"/usr/bin/make" "cmTC_00f10/fast"
/usr/bin/make -f CMakeFiles/cmTC_00f10.dir/build.make CMakeFiles/cmTC_00f10.dir/build
make[1]: Entering directory '/home/cirlab/catkin_ws/src/tracked_robot_2nd/build-my_ros_library-Desktop-Debug/CMakeFiles/CMakeTmp'
Building C object CMakeFiles/cmTC_00f10.dir/CheckSymbolExists.c.o
/usr/bin/gcc     -o CMakeFiles/cmTC_00f10.dir/CheckSymbolExists.c.o   -c /home/cirlab/catkin_ws/src/tracked_robot_2nd/build-my_ros_library-Desktop-Debug/CMakeFiles/CMakeTmp/CheckSymbolExists.c
Linking C executable cmTC_00f10
/usr/bin/cmake -E cmake_link_script CMakeFiles/cmTC_00f10.dir/link.txt --verbose=1
/usr/bin/gcc       CMakeFiles/cmTC_00f10.dir/CheckSymbolExists.c.o  -o cmTC_00f10 -rdynamic 
CMakeFiles/cmTC_00f10.dir/CheckSymbolExists.c.o: In function `main':
CheckSymbolExists.c:(.text+0x16): undefined reference to `pthread_create'
collect2: error: ld returned 1 exit status
CMakeFiles/cmTC_00f10.dir/build.make:97: recipe for target 'cmTC_00f10' failed
make[1]: *** [cmTC_00f10] Error 1
make[1]: Leaving directory '/home/cirlab/catkin_ws/src/tracked_robot_2nd/build-my_ros_library-Desktop-Debug/CMakeFiles/CMakeTmp'
Makefile:126: recipe for target 'cmTC_00f10/fast' failed
make: *** [cmTC_00f10/fast] Error 2

File /home/cirlab/catkin_ws/src/tracked_robot_2nd/build-my_ros_library-Desktop-Debug/CMakeFiles/CMakeTmp/CheckSymbolExists.c:
/* */
#include <pthread.h>

int main(int argc, char** argv)
{
  (void)argv;
#ifndef pthread_create
  return ((int*)(&pthread_create))[argc];
#else
  (void)argc;
  return 0;
#endif
}

Determining if the function pthread_create exists in the pthreads failed with the following output:
Change Dir: /home/cirlab/catkin_ws/src/tracked_robot_2nd/build-my_ros_library-Desktop-Debug/CMakeFiles/CMakeTmp

Run Build Command:"/usr/bin/make" "cmTC_33cf9/fast"
/usr/bin/make -f CMakeFiles/cmTC_33cf9.dir/build.make CMakeFiles/cmTC_33cf9.dir/build
make[1]: Entering directory '/home/cirlab/catkin_ws/src/tracked_robot_2nd/build-my_ros_library-Desktop-Debug/CMakeFiles/CMakeTmp'
Building C object CMakeFiles/cmTC_33cf9.dir/CheckFunctionExists.c.o
/usr/bin/gcc    -DCHECK_FUNCTION_EXISTS=pthread_create   -o CMakeFiles/cmTC_33cf9.dir/CheckFunctionExists.c.o   -c /usr/share/cmake-3.5/Modules/CheckFunctionExists.c
Linking C executable cmTC_33cf9
/usr/bin/cmake -E cmake_link_script CMakeFiles/cmTC_33cf9.dir/link.txt --verbose=1
/usr/bin/gcc   -DCHECK_FUNCTION_EXISTS=pthread_create    CMakeFiles/cmTC_33cf9.dir/CheckFunctionExists.c.o  -o cmTC_33cf9 -rdynamic -lpthreads 
/usr/bin/ld: cannot find -lpthreads
collect2: error: ld returned 1 exit status
CMakeFiles/cmTC_33cf9.dir/build.make:97: recipe for target 'cmTC_33cf9' failed
make[1]: *** [cmTC_33cf9] Error 1
make[1]: Leaving directory '/home/cirlab/catkin_ws/src/tracked_robot_2nd/build-my_ros_library-Desktop-Debug/CMakeFiles/CMakeTmp'
Makefile:126: recipe for target 'cmTC_33cf9/fast' failed
make: *** [cmTC_33cf9/fast] Error 2


